COMP: No valid subjects/questions
ETRX: No valid subjects/questions
EXTC: No valid subjects/questions
FE: No valid subjects/questions
HONOUR: No valid subjects/questions
IDC: No valid subjects/questions
IT: No valid subjects/questions
ME: No valid subjects/questions
MECH: No valid subjects/questions
ME_CAD_CAM: No valid subjects/questions
ME_COMP: No valid subjects/questions
ME_ENERGY: No valid subjects/questions
ME_ETRX: No valid subjects/questions
ME_EXTC: No valid subjects/questions
ME_IT: No valid subjects/questions
MINOR: No valid subjects/questions
MTECH: No valid subjects/questions
ocr_output - Copy: No valid subjects/questions
PHD: No valid subjects/questions
ROBOTICS_AI: No valid subjects/questions
unresolved: No valid subjects/questions